<?xml version="1.0" encoding="UTF-8"?>
<!-- Generated by org.testng.reporters.JUnitReportReporter -->
<testsuite skipped="0" hostname="DVTL8HM6GS1" name="TestNGFiles.Annot2" tests="1" failures="0" timestamp="31 May 2019 08:30:48 GMT" time="0.006" errors="0">
  <testcase name="Software" time="0.006" classname="TestNGFiles.Annot2"/>
</testsuite> <!-- TestNGFiles.Annot2 -->
