<?xml version="1.0" encoding="UTF-8"?>
<!-- Generated by org.testng.reporters.JUnitReportReporter -->
<testsuite skipped="0" hostname="DVTL8HM6GS1" name="TestNGFiles.TestBase" tests="2" failures="0" timestamp="31 May 2019 08:12:30 GMT" time="15.041" errors="0">
  <testcase name="Software" time="0.000" classname="TestNGFiles.TestBase"/>
  <testcase name="LogIn" time="15.041" classname="TestNGFiles.TestBase"/>
</testsuite> <!-- TestNGFiles.TestBase -->
