<?xml version="1.0" encoding="UTF-8"?>
<!-- Generated by org.testng.reporters.JUnitReportReporter -->
<testsuite skipped="0" hostname="DVTL8HM6GS1" name="TestNGFiles.Annotations" tests="3" failures="0" timestamp="31 May 2019 08:12:30 GMT" time="0.000" errors="0">
  <testcase name="FlightBooking" time="0.000" classname="TestNGFiles.Annotations"/>
  <testcase name="FlightCancelling" time="0.000" classname="TestNGFiles.Annotations"/>
  <testcase name="OpeningBrowser" time="0.000" classname="TestNGFiles.Annotations"/>
</testsuite> <!-- TestNGFiles.Annotations -->
