<?xml version="1.0" encoding="UTF-8"?>
<!-- Generated by org.testng.reporters.JUnitReportReporter -->
<testsuite skipped="0" hostname="DVTL8HM6GS1" name="TestNGFiles2.Annotations" tests="1" failures="0" timestamp="31 May 2019 08:43:22 GMT" time="0.005" errors="0">
  <testcase name="OpeningBrowser" time="0.005" classname="TestNGFiles2.Annotations"/>
</testsuite> <!-- TestNGFiles2.Annotations -->
