<?xml version="1.0" encoding="UTF-8"?>
<!-- Generated by org.testng.reporters.JUnitReportReporter -->
<testsuite skipped="1" hostname="DVTL8HM6GS1" name="TestNGFiles.DependancyAttributes" tests="6" failures="0" timestamp="31 May 2019 08:12:30 GMT" time="25.662" errors="0">
  <testcase name="TimeRelated" time="0.007" classname="TestNGFiles.DependancyAttributes"/>
  <testcase name="LogIn" time="14.059" classname="TestNGFiles.DependancyAttributes"/>
  <testcase name="OpeningBrowser" time="11.595" classname="TestNGFiles.DependancyAttributes"/>
  <testcase name="Software" time="0.000" classname="TestNGFiles.DependancyAttributes"/>
  <testcase name="FlightBooking" time="0.001" classname="TestNGFiles.DependancyAttributes"/>
  <testcase name="Payment" classname="TestNGFiles.DependancyAttributes">
    <skipped/>
  </testcase> <!-- Payment -->
</testsuite> <!-- TestNGFiles.DependancyAttributes -->
