<?xml version="1.0" encoding="UTF-8"?>
<!-- Generated by org.testng.reporters.JUnitReportReporter -->
<testsuite skipped="0" hostname="DVTL8HM6GS1" name="dataDriven.Annotations" tests="3" failures="0" timestamp="29 May 2019 13:07:10 GMT" time="0.015" errors="0">
  <testcase name="UserId" time="0.000" classname="dataDriven.Annotations"/>
  <testcase name="UserId" time="0.000" classname="dataDriven.Annotations"/>
  <testcase name="UserId" time="0.015" classname="dataDriven.Annotations"/>
</testsuite> <!-- dataDriven.Annotations -->
