<?xml version="1.0" encoding="UTF-8"?>
<!-- Generated by org.testng.reporters.JUnitReportReporter -->
<testsuite skipped="1" hostname="DVTL8HM6GS1" name="TestNGFiles2.DependancyAttributes" tests="4" failures="0" timestamp="31 May 2019 08:43:22 GMT" time="0.015" errors="0">
  <testcase name="FlightBooking" time="0.000" classname="TestNGFiles2.DependancyAttributes"/>
  <testcase name="OpeningBrowser" time="0.005" classname="TestNGFiles2.DependancyAttributes"/>
  <testcase name="TimeRelated" time="0.010" classname="TestNGFiles2.DependancyAttributes"/>
  <testcase name="Payment" classname="TestNGFiles2.DependancyAttributes">
    <skipped/>
  </testcase> <!-- Payment -->
</testsuite> <!-- TestNGFiles2.DependancyAttributes -->
