<?xml version="1.0" encoding="UTF-8"?>
<!-- Generated by org.testng.reporters.JUnitReportReporter -->
<testsuite skipped="0" hostname="DVTL8HM6GS1" name="TestNGFiles2.Annot2" tests="1" failures="0" timestamp="31 May 2019 08:43:22 GMT" time="0.010" errors="0">
  <testcase name="Software" time="0.010" classname="TestNGFiles2.Annot2"/>
</testsuite> <!-- TestNGFiles2.Annot2 -->
